#
# There is insufficient memory for the Java Runtime Environment to continue.
# Native memory allocation (malloc) failed to allocate 630464 bytes for Chunk::new
# Possible reasons:
#   The system is out of physical RAM or swap space
#   The process is running with CompressedOops enabled, and the Java Heap may be blocking the growth of the native heap
# Possible solutions:
#   Reduce memory load on the system
#   Increase physical memory or swap space
#   Check if swap backing store is full
#   Decrease Java heap size (-Xmx/-Xms)
#   Decrease number of Java threads
#   Decrease Java thread stack sizes (-Xss)
#   Set larger code cache with -XX:ReservedCodeCacheSize=
#   JVM is running with Unscaled Compressed Oops mode in which the Java heap is
#     placed in the first 4GB address space. The Java Heap base address is the
#     maximum limit for the native heap growth. Please use -XX:HeapBaseMinAddress
#     to set the Java Heap base and to place the Java Heap above 4GB virtual address.
# This output file may be truncated or incomplete.
#
#  Out of Memory Error (allocation.cpp:389), pid=48988, tid=0x0000000000005754
#
# JRE version: OpenJDK Runtime Environment (8.0_202-b03) (build 1.8.0_202-release-1483-b03)
# Java VM: OpenJDK 64-Bit Server VM (25.202-b03 mixed mode windows-amd64 compressed oops)
# Failed to write core dump. Minidumps are not enabled by default on client versions of Windows
#

---------------  T H R E A D  ---------------

Current thread (0x0000000016940800):  JavaThread "C2 CompilerThread1" daemon [_thread_in_native, id=22356, stack(0x00000000180a0000,0x00000000181a0000)]

Stack: [0x00000000180a0000,0x00000000181a0000]
[error occurred during error reporting (printing stack bounds), id 0xc0000005]

Native frames: (J=compiled Java code, j=interpreted, Vv=VM code, C=native code)


Current CompileTask:
C2:5893741 9826   !   4       java.io.BufferedWriter::flushBuffer (53 bytes)


---------------  P R O C E S S  ---------------

Java Threads: ( => current thread )
  0x0000000019ab3000 JavaThread "WorkerExecutor Queue Thread 3" [_thread_blocked, id=23456, stack(0x0000000026050000,0x0000000026150000)]
  0x0000000019ab1800 JavaThread "WorkerExecutor Queue Thread 2" [_thread_blocked, id=24016, stack(0x0000000025f50000,0x0000000026050000)]
  0x0000000019ab8800 JavaThread "stdout" [_thread_in_native, id=39316, stack(0x0000000025e50000,0x0000000025f50000)]
  0x0000000019ab7800 JavaThread "stderr" [_thread_in_native, id=21480, stack(0x0000000025d50000,0x0000000025e50000)]
  0x0000000019ab7000 JavaThread "pool-3-thread-1" [_thread_blocked, id=34460, stack(0x0000000025c50000,0x0000000025d50000)]
  0x0000000019ab6000 JavaThread "WorkerExecutor Queue" [_thread_blocked, id=12908, stack(0x00000000257f0000,0x00000000258f0000)]
  0x0000000019ab1000 JavaThread "Cache worker for execution history cache (C:\Users\USER\AndroidStudioProjects\MyNotekeeper\.gradle\5.4.1\executionHistory)" [_thread_blocked, id=13004, stack(0x0000000025950000,0x0000000025a50000)]
  0x0000000019aae000 JavaThread "Execution worker for ':' Thread 3" [_thread_blocked, id=41272, stack(0x00000000256f0000,0x00000000257f0000)]
  0x0000000019aaf800 JavaThread "Execution worker for ':' Thread 2" [_thread_blocked, id=28804, stack(0x00000000255f0000,0x00000000256f0000)]
  0x0000000019aae800 JavaThread "Execution worker for ':'" [_thread_blocked, id=29304, stack(0x00000000254f0000,0x00000000255f0000)]
  0x0000000019aad000 JavaThread "Cache worker for file content cache (C:\Users\USER\AndroidStudioProjects\MyNotekeeper\.gradle\5.4.1\fileContent)" [_thread_blocked, id=16724, stack(0x00000000253f0000,0x00000000254f0000)]
  0x0000000019aa9800 JavaThread "Cache worker for file content cache (C:\Users\USER\.gradle\caches\5.4.1\fileContent)" [_thread_blocked, id=51704, stack(0x0000000024240000,0x0000000024340000)]
  0x0000000019aac800 JavaThread "Cache worker for Build Output Cleanup Cache (C:\Users\USER\AndroidStudioProjects\MyNotekeeper\.gradle\buildOutputCleanup)" [_thread_blocked, id=5448, stack(0x0000000023f40000,0x0000000024040000)]
  0x0000000019ab0000 JavaThread "Build operations Thread 4" [_thread_blocked, id=48528, stack(0x0000000023e40000,0x0000000023f40000)]
  0x0000000019137000 JavaThread "Build operations Thread 3" [_thread_blocked, id=44132, stack(0x0000000023b40000,0x0000000023c40000)]
  0x000000001c437000 JavaThread "Build operations Thread 2" [_thread_blocked, id=38376, stack(0x00000000225f0000,0x00000000226f0000)]
  0x000000001c436800 JavaThread "Build operations" [_thread_blocked, id=51256, stack(0x00000000220f0000,0x00000000221f0000)]
  0x000000001c435000 JavaThread "Cache worker for cache directory md-rule (C:\Users\USER\.gradle\caches\5.4.1\md-rule)" [_thread_blocked, id=12624, stack(0x0000000021ff0000,0x00000000220f0000)]
  0x000000001c438000 JavaThread "Cache worker for cache directory md-supplier (C:\Users\USER\.gradle\caches\5.4.1\md-supplier)" [_thread_blocked, id=50924, stack(0x0000000021ef0000,0x0000000021ff0000)]
  0x000000001c42c000 JavaThread "Cache worker for file hash cache (C:\Users\USER\AndroidStudioProjects\MyNotekeeper\.gradle\5.4.1\fileHashes)" [_thread_blocked, id=25832, stack(0x0000000020b60000,0x0000000020c60000)]
  0x000000001c432800 JavaThread "Thread-32" [_thread_blocked, id=3656, stack(0x0000000020560000,0x0000000020660000)]
  0x000000001c42b000 JavaThread "Stdin handler" [_thread_blocked, id=10436, stack(0x000000001f200000,0x000000001f300000)]
  0x000000001c42f800 JavaThread "Asynchronous log dispatcher for DefaultDaemonConnection: socket connection from /127.0.0.1:53077 to /127.0.0.1:55038" [_thread_blocked, id=21828, stack(0x000000001ea60000,0x000000001eb60000)]
  0x000000001c42a800 JavaThread "Daemon worker Thread 2" [_thread_blocked, id=35012, stack(0x000000001b1f0000,0x000000001b2f0000)]
  0x000000001c431000 JavaThread "Cancel handler" [_thread_blocked, id=34512, stack(0x000000001aef0000,0x000000001aff0000)]
  0x000000001c42f000 JavaThread "Handler for socket connection from /127.0.0.1:53077 to /127.0.0.1:55038" [_thread_in_native, id=22240, stack(0x000000001adf0000,0x000000001aef0000)]
  0x000000001c42c800 JavaThread "Daemon Thread 2" [_thread_blocked, id=45220, stack(0x000000001aaf0000,0x000000001abf0000)]
  0x000000001c434000 JavaThread "Memory manager" [_thread_blocked, id=47552, stack(0x00000000231a0000,0x00000000232a0000)]
  0x000000001c429000 JavaThread "Cache worker for execution history cache (C:\Users\USER\.gradle\caches\5.4.1\executionHistory)" [_thread_blocked, id=23128, stack(0x0000000020860000,0x0000000020960000)]
  0x000000001913c800 JavaThread "Cache worker for journal cache (C:\Users\USER\.gradle\caches\journal-1)" [_thread_blocked, id=45356, stack(0x000000001b4f0000,0x000000001b5f0000)]
  0x000000001913a800 JavaThread "File lock request listener" [_thread_in_native, id=32868, stack(0x000000001b3f0000,0x000000001b4f0000)]
  0x000000001913a000 JavaThread "Cache worker for file hash cache (C:\Users\USER\.gradle\caches\5.4.1\fileHashes)" [_thread_blocked, id=20120, stack(0x000000001b2f0000,0x000000001b3f0000)]
  0x00000000189c6000 JavaThread "Daemon periodic checks" [_thread_blocked, id=25464, stack(0x000000001a8f0000,0x000000001a9f0000)]
  0x0000000018659000 JavaThread "Incoming local TCP Connector on port 53077" [_thread_in_native, id=35620, stack(0x000000001a6b0000,0x000000001a7b0000)]
  0x0000000019a58000 JavaThread "Daemon health stats" [_thread_blocked, id=24264, stack(0x000000001a070000,0x000000001a170000)]
  0x000000001699d000 JavaThread "Service Thread" daemon [_thread_blocked, id=19884, stack(0x00000000186a0000,0x00000000187a0000)]
  0x0000000016964000 JavaThread "C1 CompilerThread2" daemon [_thread_blocked, id=48752, stack(0x00000000181a0000,0x00000000182a0000)]
=>0x0000000016940800 JavaThread "C2 CompilerThread1" daemon [_thread_in_native, id=22356, stack(0x00000000180a0000,0x00000000181a0000)]
  0x0000000016939000 JavaThread "C2 CompilerThread0" daemon [_thread_blocked, id=18660, stack(0x0000000017fa0000,0x00000000180a0000)]
  0x0000000016947000 JavaThread "Attach Listener" daemon [_thread_blocked, id=34888, stack(0x0000000017ea0000,0x0000000017fa0000)]
  0x0000000016945800 JavaThread "Signal Dispatcher" daemon [_thread_blocked, id=37448, stack(0x0000000017da0000,0x0000000017ea0000)]
  0x0000000002f5b800 JavaThread "Finalizer" daemon [_thread_blocked, id=44228, stack(0x0000000017ba0000,0x0000000017ca0000)]
  0x0000000016929000 JavaThread "Reference Handler" daemon [_thread_blocked, id=5124, stack(0x0000000017aa0000,0x0000000017ba0000)]
  0x0000000002fce000 JavaThread "main" [_thread_blocked, id=43924, stack(0x0000000002cf0000,0x0000000002df0000)]

Other Threads:
  0x0000000016906000 VMThread [stack: 0x00000000179a0000,0x0000000017aa0000] [id=49396]
  0x000000001699d800 WatcherThread [stack: 0x00000000187a0000,0x00000000188a0000] [id=39940]

VM state:not at safepoint (normal execution)

VM Mutex/Monitor currently owned by a thread: None

heap address: 0x00000000a0000000, size: 1536 MB, Compressed Oops mode: 32-bit
Narrow klass base: 0x0000000000000000, Narrow klass shift: 3
Compressed class space size: 1073741824 Address: 0x0000000100000000

Heap:
 PSYoungGen      total 150528K, used 86167K [0x00000000e0000000, 0x00000000ea680000, 0x0000000100000000)
  eden space 137728K, 53% used [0x00000000e0000000,0x00000000e47a6570,0x00000000e8680000)
  from space 12800K, 99% used [0x00000000e9500000,0x00000000ea17fa08,0x00000000ea180000)
  to   space 5120K, 0% used [0x00000000ea180000,0x00000000ea180000,0x00000000ea680000)
 ParOldGen       total 119808K, used 37213K [0x00000000a0000000, 0x00000000a7500000, 0x00000000e0000000)
  object space 119808K, 31% used [0x00000000a0000000,0x00000000a24577d8,0x00000000a7500000)
 Metaspace       used 67984K, capacity 70194K, committed 70360K, reserved 1110016K
  class space    used 8863K, capacity 9348K, committed 9472K, reserved 1048576K

Card table byte_map: [0x0000000012390000,0x00000000126a0000] byte_map_base: 0x0000000011e90000

Marking Bits: (ParMarkBitMap*) 0x00000000536f9f30
 Begin Bits: [0x0000000012ca0000, 0x00000000144a0000)
 End Bits:   [0x00000000144a0000, 0x0000000015ca0000)

Polling page: 0x0000000000ff0000

CodeCache: size=245760Kb used=27344Kb max_used=27703Kb free=218415Kb
 bounds [0x0000000002fd0000, 0x0000000004b60000, 0x0000000011fd0000]
 total_blobs=9299 nmethods=8496 adapters=716
 compilation: enabled

Compilation events (10 events):
Event: 5893.494 Thread 0x0000000016964000 nmethod 9822 0x000000000404f410 code [0x000000000404f5a0, 0x000000000404fa08]
Event: 5893.501 Thread 0x0000000016964000 9824       3       java.lang.invoke.AbstractValidatingLambdaMetafactory::isAdaptableToAsReturn (36 bytes)
Event: 5893.501 Thread 0x0000000016964000 nmethod 9824 0x000000000393dd90 code [0x000000000393df20, 0x000000000393e408]
Event: 5893.501 Thread 0x0000000016964000 9823       3       java.lang.invoke.LambdaForm$BMH/725279353::reinvoke (89 bytes)
Event: 5893.504 Thread 0x0000000016939000 9825       4       sun.nio.cs.UTF_8$Encoder::encodeArrayLoop (489 bytes)
Event: 5893.505 Thread 0x0000000016964000 nmethod 9823 0x0000000004030d10 code [0x0000000004030fa0, 0x00000000040323c8]
Event: 5893.508 Thread 0x0000000016940800 9826   !   4       java.io.BufferedWriter::flushBuffer (53 bytes)
Event: 5893.509 Thread 0x0000000016964000 9827       1       com.google.common.collect.Iterators$ArrayItr::get (12 bytes)
Event: 5893.510 Thread 0x0000000016964000 nmethod 9827 0x0000000003779b10 code [0x0000000003779c60, 0x0000000003779d90]
Event: 5893.521 Thread 0x0000000016939000 nmethod 9825 0x00000000042b5e10 code [0x00000000042b5fa0, 0x00000000042b67f0]

GC Heap History (10 events):
Event: 25.466 GC heap before
{Heap before GC invocations=14 (full 2):
 PSYoungGen      total 99328K, used 99318K [0x00000000e0000000, 0x00000000e8b80000, 0x0000000100000000)
  eden space 89088K, 100% used [0x00000000e0000000,0x00000000e5700000,0x00000000e5700000)
  from space 10240K, 99% used [0x00000000e5700000,0x00000000e60fd8e8,0x00000000e6100000)
  to   space 12288K, 0% used [0x00000000e7f80000,0x00000000e7f80000,0x00000000e8b80000)
 ParOldGen       total 81408K, used 20086K [0x00000000a0000000, 0x00000000a4f80000, 0x00000000e0000000)
  object space 81408K, 24% used [0x00000000a0000000,0x00000000a139d8c8,0x00000000a4f80000)
 Metaspace       used 50681K, capacity 51956K, committed 52184K, reserved 1093632K
  class space    used 6808K, capacity 7095K, committed 7168K, reserved 1048576K
Event: 25.489 GC heap after
Heap after GC invocations=14 (full 2):
 PSYoungGen      total 129536K, used 10193K [0x00000000e0000000, 0x00000000e8b80000, 0x0000000100000000)
  eden space 117248K, 0% used [0x00000000e0000000,0x00000000e0000000,0x00000000e7280000)
  from space 12288K, 82% used [0x00000000e7f80000,0x00000000e8974498,0x00000000e8b80000)
  to   space 12800K, 0% used [0x00000000e7280000,0x00000000e7280000,0x00000000e7f00000)
 ParOldGen       total 81408K, used 25334K [0x00000000a0000000, 0x00000000a4f80000, 0x00000000e0000000)
  object space 81408K, 31% used [0x00000000a0000000,0x00000000a18bd900,0x00000000a4f80000)
 Metaspace       used 50681K, capacity 51956K, committed 52184K, reserved 1093632K
  class space    used 6808K, capacity 7095K, committed 7168K, reserved 1048576K
}
Event: 27.767 GC heap before
{Heap before GC invocations=15 (full 2):
 PSYoungGen      total 129536K, used 95548K [0x00000000e0000000, 0x00000000e8b80000, 0x0000000100000000)
  eden space 117248K, 72% used [0x00000000e0000000,0x00000000e535ae60,0x00000000e7280000)
  from space 12288K, 82% used [0x00000000e7f80000,0x00000000e8974498,0x00000000e8b80000)
  to   space 12800K, 0% used [0x00000000e7280000,0x00000000e7280000,0x00000000e7f00000)
 ParOldGen       total 81408K, used 25334K [0x00000000a0000000, 0x00000000a4f80000, 0x00000000e0000000)
  object space 81408K, 31% used [0x00000000a0000000,0x00000000a18bd900,0x00000000a4f80000)
 Metaspace       used 57416K, capacity 58946K, committed 59028K, reserved 1099776K
  class space    used 7754K, capacity 8124K, committed 8192K, reserved 1048576K
Event: 27.823 GC heap after
Heap after GC invocations=15 (full 2):
 PSYoungGen      total 130048K, used 9061K [0x00000000e0000000, 0x00000000eb280000, 0x0000000100000000)
  eden space 117248K, 0% used [0x00000000e0000000,0x00000000e0000000,0x00000000e7280000)
  from space 12800K, 70% used [0x00000000e7280000,0x00000000e7b59628,0x00000000e7f00000)
  to   space 12800K, 0% used [0x00000000ea600000,0x00000000ea600000,0x00000000eb280000)
 ParOldGen       total 81408K, used 30052K [0x00000000a0000000, 0x00000000a4f80000, 0x00000000e0000000)
  object space 81408K, 36% used [0x00000000a0000000,0x00000000a1d59280,0x00000000a4f80000)
 Metaspace       used 57416K, capacity 58946K, committed 59028K, reserved 1099776K
  class space    used 7754K, capacity 8124K, committed 8192K, reserved 1048576K
}
Event: 27.823 GC heap before
{Heap before GC invocations=16 (full 3):
 PSYoungGen      total 130048K, used 9061K [0x00000000e0000000, 0x00000000eb280000, 0x0000000100000000)
  eden space 117248K, 0% used [0x00000000e0000000,0x00000000e0000000,0x00000000e7280000)
  from space 12800K, 70% used [0x00000000e7280000,0x00000000e7b59628,0x00000000e7f00000)
  to   space 12800K, 0% used [0x00000000ea600000,0x00000000ea600000,0x00000000eb280000)
 ParOldGen       total 81408K, used 30052K [0x00000000a0000000, 0x00000000a4f80000, 0x00000000e0000000)
  object space 81408K, 36% used [0x00000000a0000000,0x00000000a1d59280,0x00000000a4f80000)
 Metaspace       used 57416K, capacity 58946K, committed 59028K, reserved 1099776K
  class space    used 7754K, capacity 8124K, committed 8192K, reserved 1048576K
Event: 28.174 GC heap after
Heap after GC invocations=16 (full 3):
 PSYoungGen      total 130048K, used 0K [0x00000000e0000000, 0x00000000eb280000, 0x0000000100000000)
  eden space 117248K, 0% used [0x00000000e0000000,0x00000000e0000000,0x00000000e7280000)
  from space 12800K, 0% used [0x00000000e7280000,0x00000000e7280000,0x00000000e7f00000)
  to   space 12800K, 0% used [0x00000000ea600000,0x00000000ea600000,0x00000000eb280000)
 ParOldGen       total 119808K, used 33137K [0x00000000a0000000, 0x00000000a7500000, 0x00000000e0000000)
  object space 119808K, 27% used [0x00000000a0000000,0x00000000a205c450,0x00000000a7500000)
 Metaspace       used 57416K, capacity 58946K, committed 59028K, reserved 1099776K
  class space    used 7754K, capacity 8124K, committed 8192K, reserved 1048576K
}
Event: 3442.647 GC heap before
{Heap before GC invocations=17 (full 3):
 PSYoungGen      total 130048K, used 117248K [0x00000000e0000000, 0x00000000eb280000, 0x0000000100000000)
  eden space 117248K, 100% used [0x00000000e0000000,0x00000000e7280000,0x00000000e7280000)
  from space 12800K, 0% used [0x00000000e7280000,0x00000000e7280000,0x00000000e7f00000)
  to   space 12800K, 0% used [0x00000000ea600000,0x00000000ea600000,0x00000000eb280000)
 ParOldGen       total 119808K, used 33137K [0x00000000a0000000, 0x00000000a7500000, 0x00000000e0000000)
  object space 119808K, 27% used [0x00000000a0000000,0x00000000a205c450,0x00000000a7500000)
 Metaspace       used 63383K, capacity 65280K, committed 65624K, reserved 1105920K
  class space    used 8356K, capacity 8769K, committed 8832K, reserved 1048576K
Event: 3442.985 GC heap after
Heap after GC invocations=17 (full 3):
 PSYoungGen      total 150016K, used 8005K [0x00000000e0000000, 0x00000000eae00000, 0x0000000100000000)
  eden space 141824K, 0% used [0x00000000e0000000,0x00000000e0000000,0x00000000e8a80000)
  from space 8192K, 97% used [0x00000000ea600000,0x00000000eadd1450,0x00000000eae00000)
  to   space 12800K, 0% used [0x00000000e9500000,0x00000000e9500000,0x00000000ea180000)
 ParOldGen       total 119808K, used 33145K [0x00000000a0000000, 0x00000000a7500000, 0x00000000e0000000)
  object space 119808K, 27% used [0x00000000a0000000,0x00000000a205e450,0x00000000a7500000)
 Metaspace       used 63383K, capacity 65280K, committed 65624K, reserved 1105920K
  class space    used 8356K, capacity 8769K, committed 8832K, reserved 1048576K
}
Event: 5877.643 GC heap before
{Heap before GC invocations=18 (full 3):
 PSYoungGen      total 150016K, used 149829K [0x00000000e0000000, 0x00000000eae00000, 0x0000000100000000)
  eden space 141824K, 100% used [0x00000000e0000000,0x00000000e8a80000,0x00000000e8a80000)
  from space 8192K, 97% used [0x00000000ea600000,0x00000000eadd1450,0x00000000eae00000)
  to   space 12800K, 0% used [0x00000000e9500000,0x00000000e9500000,0x00000000ea180000)
 ParOldGen       total 119808K, used 33145K [0x00000000a0000000, 0x00000000a7500000, 0x00000000e0000000)
  object space 119808K, 27% used [0x00000000a0000000,0x00000000a205e450,0x00000000a7500000)
 Metaspace       used 66004K, capacity 68058K, committed 68184K, reserved 1107968K
  class space    used 8628K, capacity 9062K, committed 9088K, reserved 1048576K
Event: 5877.769 GC heap after
Heap after GC invocations=18 (full 3):
 PSYoungGen      total 150528K, used 12798K [0x00000000e0000000, 0x00000000ea680000, 0x0000000100000000)
  eden space 137728K, 0% used [0x00000000e0000000,0x00000000e0000000,0x00000000e8680000)
  from space 12800K, 99% used [0x00000000e9500000,0x00000000ea17fa08,0x00000000ea180000)
  to   space 5120K, 0% used [0x00000000ea180000,0x00000000ea180000,0x00000000ea680000)
 ParOldGen       total 119808K, used 37213K [0x00000000a0000000, 0x00000000a7500000, 0x00000000e0000000)
  object space 119808K, 31% used [0x00000000a0000000,0x00000000a24577d8,0x00000000a7500000)
 Metaspace       used 66004K, capacity 68058K, committed 68184K, reserved 1107968K
  class space    used 8628K, capacity 9062K, committed 9088K, reserved 1048576K
}

Deoptimization events (10 events):
Event: 5885.272 Thread 0x0000000019aaf800 Uncommon trap: reason=class_check action=maybe_recompile pc=0x000000000496ad30 method=com.google.common.base.CharMatcher.indexIn(Ljava/lang/CharSequence;I)I @ 31
Event: 5885.272 Thread 0x0000000019aaf800 Uncommon trap: reason=class_check action=maybe_recompile pc=0x000000000496ad30 method=com.google.common.base.CharMatcher.indexIn(Ljava/lang/CharSequence;I)I @ 31
Event: 5885.915 Thread 0x0000000019aaf800 Uncommon trap: reason=class_check action=maybe_recompile pc=0x000000000497679c method=java.util.Iterator.forEachRemaining(Ljava/util/function/Consumer;)V @ 6
Event: 5886.263 Thread 0x0000000019aaf800 Uncommon trap: reason=unstable_if action=reinterpret pc=0x00000000042d1628 method=com.google.common.collect.ImmutableCollection$ArrayBasedBuilder.getReadyToExpandTo(I)V @ 41
Event: 5886.626 Thread 0x0000000019ab1000 Uncommon trap: reason=unstable_if action=reinterpret pc=0x00000000044cc2b8 method=com.esotericsoftware.kryo.io.Output.writeString(Ljava/lang/CharSequence;)V @ 50
Event: 5886.626 Thread 0x0000000019ab1000 Uncommon trap: reason=unstable_if action=reinterpret pc=0x0000000003a18018 method=com.esotericsoftware.kryo.io.Output.writeString(Ljava/lang/CharSequence;)V @ 50
Event: 5886.643 Thread 0x0000000019ab1000 Uncommon trap: reason=unstable_if action=reinterpret pc=0x0000000004686858 method=com.esotericsoftware.kryo.io.Output.writeBytes([BII)V @ 61
Event: 5889.455 Thread 0x0000000019aae000 Uncommon trap: reason=unstable_if action=reinterpret pc=0x0000000004b40a2c method=java.io.ObjectOutputStream$BlockDataOutputStream.writeBytes(Ljava/lang/String;)V @ 62
Event: 5889.588 Thread 0x0000000019ab3000 Uncommon trap: reason=class_check action=maybe_recompile pc=0x0000000004a1b88c method=java.util.concurrent.Executors$RunnableAdapter.call()Ljava/lang/Object; @ 4
Event: 5889.588 Thread 0x0000000019ab1800 Uncommon trap: reason=class_check action=maybe_recompile pc=0x0000000004a1b88c method=java.util.concurrent.Executors$RunnableAdapter.call()Ljava/lang/Object; @ 4

Classes redefined (0 events):
No events

Internal exceptions (10 events):
Event: 5883.948 Thread 0x0000000019aae000 Exception <a 'java/lang/NoSuchMethodError': <clinit>> (0x00000000e29182e0) thrown at [D:\src\AOSP-openjdk-cygwin\jdk8u\hotspot\src\share\vm\prims\jni.cpp, line 1614]
Event: 5883.957 Thread 0x0000000019aae000 Exception <a 'java/lang/NoSuchMethodError': <clinit>> (0x00000000e2932338) thrown at [D:\src\AOSP-openjdk-cygwin\jdk8u\hotspot\src\share\vm\prims\jni.cpp, line 1614]
Event: 5883.959 Thread 0x0000000019aae000 Exception <a 'java/lang/NoSuchMethodError': <clinit>> (0x00000000e2937220) thrown at [D:\src\AOSP-openjdk-cygwin\jdk8u\hotspot\src\share\vm\prims\jni.cpp, line 1614]
Event: 5883.968 Thread 0x0000000019aae000 Exception <a 'java/lang/NoSuchMethodError': <clinit>> (0x00000000e2947b88) thrown at [D:\src\AOSP-openjdk-cygwin\jdk8u\hotspot\src\share\vm\prims\jni.cpp, line 1614]
Event: 5885.248 Thread 0x0000000019aaf800 Exception <a 'java/lang/NoSuchMethodError': <clinit>> (0x00000000e3025a08) thrown at [D:\src\AOSP-openjdk-cygwin\jdk8u\hotspot\src\share\vm\prims\jni.cpp, line 1614]
Event: 5889.454 Thread 0x0000000019aae000 Exception <a 'java/lang/NoSuchMethodError': <clinit>> (0x00000000e42a6678) thrown at [D:\src\AOSP-openjdk-cygwin\jdk8u\hotspot\src\share\vm\prims\jni.cpp, line 1614]
Event: 5889.457 Thread 0x0000000019aae000 Exception <a 'java/lang/NoSuchMethodError': <clinit>> (0x00000000e42bf8f8) thrown at [D:\src\AOSP-openjdk-cygwin\jdk8u\hotspot\src\share\vm\prims\jni.cpp, line 1614]
Event: 5889.459 Thread 0x0000000019aae000 Exception <a 'java/lang/NoSuchMethodError': <clinit>> (0x00000000e42d7d60) thrown at [D:\src\AOSP-openjdk-cygwin\jdk8u\hotspot\src\share\vm\prims\jni.cpp, line 1614]
Event: 5889.494 Thread 0x0000000019aae000 Exception <a 'java/lang/NoSuchMethodError': <clinit>> (0x00000000e433e0c0) thrown at [D:\src\AOSP-openjdk-cygwin\jdk8u\hotspot\src\share\vm\prims\jni.cpp, line 1614]
Event: 5893.500 Thread 0x0000000019ab6000 Exception <a 'java/lang/NoSuchMethodError': java.lang.Object.lambda$negate$1(Ljava/lang/Object;)Z> (0x00000000e477f780) thrown at [D:\src\AOSP-openjdk-cygwin\jdk8u\hotspot\src\share\vm\interpreter\linkResolver.cpp, line 620]

Events (10 events):
Event: 5893.509 Thread 0x0000000019ab6000 DEOPT PACKING pc=0x0000000004a6c6b3 sp=0x00000000258ee0f0
Event: 5893.509 Thread 0x0000000019ab6000 DEOPT UNPACKING pc=0x00000000030175d0 sp=0x00000000258edef8 mode 0
Event: 5893.510 Thread 0x0000000019ab6000 DEOPT PACKING pc=0x0000000004a6c6b3 sp=0x00000000258ee0f0
Event: 5893.510 Thread 0x0000000019ab6000 DEOPT UNPACKING pc=0x00000000030175d0 sp=0x00000000258edef8 mode 0
Event: 5893.511 Thread 0x0000000019ab6000 DEOPT PACKING pc=0x0000000004a6c6b3 sp=0x00000000258ee0f0
Event: 5893.511 Thread 0x0000000019ab6000 DEOPT UNPACKING pc=0x00000000030175d0 sp=0x00000000258edef8 mode 0
Event: 5893.512 Thread 0x0000000019ab6000 DEOPT PACKING pc=0x0000000004a6c6b3 sp=0x00000000258ee0f0
Event: 5893.512 Thread 0x0000000019ab6000 DEOPT UNPACKING pc=0x00000000030175d0 sp=0x00000000258edef8 mode 0
Event: 5893.514 Thread 0x0000000019ab6000 DEOPT PACKING pc=0x0000000004a6c6b3 sp=0x00000000258ee100
Event: 5893.514 Thread 0x0000000019ab6000 DEOPT UNPACKING pc=0x00000000030175d0 sp=0x00000000258edf08 mode 0


Dynamic libraries:
0x00007ff6f5860000 - 0x00007ff6f5891000 	C:\Program Files\Android\Android Studio\jre\bin\java.exe
0x00007ffa92c20000 - 0x00007ffa92e10000 	C:\WINDOWS\SYSTEM32\ntdll.dll
0x00007ffa5e060000 - 0x00007ffa5e073000 	C:\Program Files\Avast Software\Avast\aswhook.dll
0x00007ffa914a0000 - 0x00007ffa91552000 	C:\WINDOWS\System32\KERNEL32.DLL
0x00007ffa90880000 - 0x00007ffa90b23000 	C:\WINDOWS\System32\KERNELBASE.dll
0x00007ffa92b30000 - 0x00007ffa92bd3000 	C:\WINDOWS\System32\ADVAPI32.dll
0x00007ffa91e00000 - 0x00007ffa91e9e000 	C:\WINDOWS\System32\msvcrt.dll
0x00007ffa91ea0000 - 0x00007ffa91f37000 	C:\WINDOWS\System32\sechost.dll
0x00007ffa926f0000 - 0x00007ffa92810000 	C:\WINDOWS\System32\RPCRT4.dll
0x00007ffa91f40000 - 0x00007ffa920d4000 	C:\WINDOWS\System32\USER32.dll
0x00007ffa907d0000 - 0x00007ffa907f1000 	C:\WINDOWS\System32\win32u.dll
0x00007ffa929f0000 - 0x00007ffa92a16000 	C:\WINDOWS\System32\GDI32.dll
0x00007ffa90b30000 - 0x00007ffa90cc4000 	C:\WINDOWS\System32\gdi32full.dll
0x00007ffa8fbb0000 - 0x00007ffa8fc4e000 	C:\WINDOWS\System32\msvcp_win.dll
0x00007ffa90650000 - 0x00007ffa9074a000 	C:\WINDOWS\System32\ucrtbase.dll
0x00007ffa85000000 - 0x00007ffa85285000 	C:\WINDOWS\WinSxS\amd64_microsoft.windows.common-controls_6595b64144ccf1df_6.0.18362.720_none_e6beb5c51314836b\COMCTL32.dll
0x00007ffa90e90000 - 0x00007ffa911c6000 	C:\WINDOWS\System32\combase.dll
0x00007ffa90750000 - 0x00007ffa907d0000 	C:\WINDOWS\System32\bcryptPrimitives.dll
0x00007ffa92a30000 - 0x00007ffa92a5e000 	C:\WINDOWS\System32\IMM32.DLL
0x0000000053b10000 - 0x0000000053be2000 	C:\Program Files\Android\Android Studio\jre\jre\bin\msvcr100.dll
0x0000000052f30000 - 0x0000000053776000 	C:\Program Files\Android\Android Studio\jre\jre\bin\server\jvm.dll
0x00007ffa92a20000 - 0x00007ffa92a28000 	C:\WINDOWS\System32\PSAPI.DLL
0x00007ffa838c0000 - 0x00007ffa838c9000 	C:\WINDOWS\SYSTEM32\WSOCK32.dll
0x00007ffa92680000 - 0x00007ffa926ef000 	C:\WINDOWS\System32\WS2_32.dll
0x00007ffa86780000 - 0x00007ffa867a4000 	C:\WINDOWS\SYSTEM32\WINMM.dll
0x00007ffa88880000 - 0x00007ffa8888a000 	C:\WINDOWS\SYSTEM32\VERSION.dll
0x00007ffa85a10000 - 0x00007ffa85a3d000 	C:\WINDOWS\SYSTEM32\WINMMBASE.dll
0x00007ffa90800000 - 0x00007ffa9084a000 	C:\WINDOWS\System32\cfgmgr32.dll
0x00007ffa8c7c0000 - 0x00007ffa8c7cf000 	C:\Program Files\Android\Android Studio\jre\jre\bin\verify.dll
0x00007ffa89890000 - 0x00007ffa898b9000 	C:\Program Files\Android\Android Studio\jre\jre\bin\java.dll
0x00007ffa890c0000 - 0x00007ffa890d6000 	C:\Program Files\Android\Android Studio\jre\jre\bin\zip.dll
0x00007ffa91560000 - 0x00007ffa91c45000 	C:\WINDOWS\System32\SHELL32.dll
0x00007ffa925d0000 - 0x00007ffa92679000 	C:\WINDOWS\System32\shcore.dll
0x00007ffa8fcb0000 - 0x00007ffa90430000 	C:\WINDOWS\System32\windows.storage.dll
0x00007ffa8fb30000 - 0x00007ffa8fb53000 	C:\WINDOWS\System32\profapi.dll
0x00007ffa8fb60000 - 0x00007ffa8fbaa000 	C:\WINDOWS\System32\powrprof.dll
0x00007ffa8fae0000 - 0x00007ffa8faf0000 	C:\WINDOWS\System32\UMPDC.dll
0x00007ffa92570000 - 0x00007ffa925c2000 	C:\WINDOWS\System32\shlwapi.dll
0x00007ffa8faf0000 - 0x00007ffa8fb01000 	C:\WINDOWS\System32\kernel.appcore.dll
0x00007ffa90630000 - 0x00007ffa90647000 	C:\WINDOWS\System32\cryptsp.dll
0x00007ffa85890000 - 0x00007ffa858aa000 	C:\Program Files\Android\Android Studio\jre\jre\bin\net.dll
0x00007ffa8f350000 - 0x00007ffa8f3b7000 	C:\WINDOWS\system32\mswsock.dll
0x00007ffa84af0000 - 0x00007ffa84b01000 	C:\Program Files\Android\Android Studio\jre\jre\bin\nio.dll
0x00007ffa7bcc0000 - 0x00007ffa7bce6000 	C:\Users\USER\.gradle\native\29\windows-amd64\native-platform.dll
0x00007ffa89060000 - 0x00007ffa8906d000 	C:\Program Files\Android\Android Studio\jre\jre\bin\management.dll
0x00007ffa8eec0000 - 0x00007ffa8eef3000 	C:\WINDOWS\system32\rsaenh.dll
0x00007ffa90850000 - 0x00007ffa90876000 	C:\WINDOWS\System32\bcrypt.dll
0x00007ffa8fa00000 - 0x00007ffa8fa25000 	C:\WINDOWS\SYSTEM32\USERENV.dll
0x00007ffa8f520000 - 0x00007ffa8f52c000 	C:\WINDOWS\SYSTEM32\CRYPTBASE.dll
0x00007ffa8f060000 - 0x00007ffa8f09a000 	C:\WINDOWS\SYSTEM32\IPHLPAPI.DLL
0x00007ffa920e0000 - 0x00007ffa920e8000 	C:\WINDOWS\System32\NSI.dll
0x00007ffa86e50000 - 0x00007ffa86e66000 	C:\WINDOWS\SYSTEM32\dhcpcsvc6.DLL
0x00007ffa86d90000 - 0x00007ffa86dac000 	C:\WINDOWS\SYSTEM32\dhcpcsvc.DLL
0x00007ffa8f0a0000 - 0x00007ffa8f16a000 	C:\WINDOWS\SYSTEM32\DNSAPI.dll

VM Arguments:
jvm_args: -Xmx1536m -Dfile.encoding=windows-1252 -Duser.country=US -Duser.language=en -Duser.variant 
java_command: org.gradle.launcher.daemon.bootstrap.GradleDaemon 5.4.1
java_class_path (initial): C:\Users\USER\.gradle\wrapper\dists\gradle-5.4.1-all\3221gyojl5jsh0helicew7rwx\gradle-5.4.1\lib\gradle-launcher-5.4.1.jar
Launcher Type: SUN_STANDARD

Environment Variables:
PATH=C:\Program Files (x86)\Intel\iCLS Client\;C:\Program Files\Intel\iCLS Client\;C:\Program Files\Java\jdk-13.0.1\bin;C:\Program Files (x86)\Common Files\Oracle\Java\javapath;C:\WINDOWS\system32;C:\WINDOWS;C:\WINDOWS\System32\Wbem;C:\WINDOWS\System32\WindowsPowerShell\v1.0\;C:\Program Files\Git\cmd;C:\WINDOWS\System32\OpenSSH\;C:\Program Files\Microsoft SQL Server\Client SDK\ODBC\130\Tools\Binn\;C:\Program Files (x86)\Microsoft SQL Server\140\Tools\Binn\;C:\Program Files\Microsoft SQL Server\140\Tools\Binn\;C:\Program Files\Microsoft SQL Server\140\DTS\Binn\;C:\Program Files (x86)\Microsoft SQL Server\150\DTS\Binn\;C:\Program Files (x86)\Intel\Intel(R) Management Engine Components\DAL;C:\Program Files\Intel\Intel(R) Management Engine Components\DAL;C:\Program Files (x86)\Intel\Intel(R) Management Engine Components\IPT;C:\Program Files\Intel\Intel(R) Management Engine Components\IPT;C:\Program Files\Intel\WiFi\bin\;C:\Program Files\Common Files\Intel\WirelessCommon\;C:\Program Files\nodejs\;C:\Program Files (x86)\Yarn\bin\;C:\ProgramData\chocolatey\bin;;C:\Program Files\Dart\dart-sdk\bin;C:\Users\USER\AppData\Local\Programs\Python\Python37\Scripts\;C:\Users\USER\AppData\Local\Programs\Python\Python37\;C:\Program Files\MySQL\MySQL Shell 8.0\bin\;C:\Users\USER\AppData\Local\Programs\Microsoft VS Code\bin;C:\Users\USER\AppData\Roaming\npm;C:\Users\USER\AppData\Local\Yarn\bin;C:\Program Files\JetBrains\IntelliJ IDEA Community Edition 2019.3\bin;
USERNAME=USER
OS=Windows_NT
PROCESSOR_IDENTIFIER=Intel64 Family 6 Model 61 Stepping 4, GenuineIntel



---------------  S Y S T E M  ---------------

OS: Windows 10.0 , 64 bit Build 18362 (10.0.18362.329)

CPU:total 4 (initial active 4) (2 cores per cpu, 2 threads per core) family 6 model 61 stepping 4, cmov, cx8, fxsr, mmx, sse, sse2, sse3, ssse3, sse4.1, sse4.2, popcnt, avx, avx2, aes, clmul, erms, rtm, 3dnowpref, lzcnt, ht, tsc, tscinvbit, bmi1, bmi2, adx

Memory: 4k page, physical 8257796k(292924k free), swap 33423620k(168k free)

vm_info: OpenJDK 64-Bit Server VM (25.202-b03) for windows-amd64 JRE (1.8.0_202-release-1483-b03), built by "builder" with MS VC++ 10.0 (VS2010)

time: Tue Jul 07 09:08:15 2020
timezone: W. Central Africa Standard Time
elapsed time: 5893 seconds (0d 1h 38m 13s)

